2021-06-16 13:53:04 - PHP Notice:  Undefined property: Wkcache\Wkdocument::$noindex in C:\XAMPP\home\test-empirehall.com.ua\www\system\library\wkcache\wkdocument.php on line 108
2021-06-16 13:53:11 - PHP Notice:  Undefined property: Wkcache\Wkdocument::$noindex in C:\XAMPP\home\test-empirehall.com.ua\www\system\library\wkcache\wkdocument.php on line 108
2021-06-16 13:53:20 - PHP Notice:  Undefined property: Wkcache\Wkdocument::$noindex in C:\XAMPP\home\test-empirehall.com.ua\www\system\library\wkcache\wkdocument.php on line 108
2021-06-16 13:53:38 - PHP Warning:  Invalid argument supplied for foreach() in C:\XAMPP\home\test-empirehall.com.ua\www\admin\controller\setting\setting.php on line 224
2021-06-16 13:58:26 - PHP Warning:  Invalid argument supplied for foreach() in C:\XAMPP\home\test-empirehall.com.ua\www\admin\controller\setting\setting.php on line 224
2021-06-16 14:01:25 - PHP Warning:  Invalid argument supplied for foreach() in C:\XAMPP\home\test-empirehall.com.ua\www\admin\controller\setting\setting.php on line 224
2021-06-16 14:12:25 - PHP Warning:  Invalid argument supplied for foreach() in C:\XAMPP\home\test-empirehall.com.ua\www\admin\controller\setting\setting.php on line 224
2021-06-16 14:13:01 - PHP Notice:  Undefined property: Wkcache\Wkdocument::$noindex in C:\XAMPP\home\test-empirehall.com.ua\www\system\library\wkcache\wkdocument.php on line 108
2021-06-16 14:13:02 - PHP Notice:  Undefined property: Wkcache\Wkdocument::$noindex in C:\XAMPP\home\test-empirehall.com.ua\www\system\library\wkcache\wkdocument.php on line 108
2021-06-16 14:13:02 - PHP Notice:  Undefined property: Wkcache\Wkdocument::$noindex in C:\XAMPP\home\test-empirehall.com.ua\www\system\library\wkcache\wkdocument.php on line 108
2021-06-16 14:13:02 - PHP Notice:  Undefined property: Wkcache\Wkdocument::$noindex in C:\XAMPP\home\test-empirehall.com.ua\www\system\library\wkcache\wkdocument.php on line 108
2021-06-16 14:13:02 - PHP Notice:  Undefined property: Wkcache\Wkdocument::$noindex in C:\XAMPP\home\test-empirehall.com.ua\www\system\library\wkcache\wkdocument.php on line 108
2021-06-16 14:14:05 - PHP Notice:  Undefined property: Wkcache\Wkdocument::$noindex in C:\XAMPP\home\test-empirehall.com.ua\www\system\library\wkcache\wkdocument.php on line 108
2021-06-16 14:14:06 - PHP Notice:  Undefined property: Wkcache\Wkdocument::$noindex in C:\XAMPP\home\test-empirehall.com.ua\www\system\library\wkcache\wkdocument.php on line 108
2021-06-16 14:14:06 - PHP Notice:  Undefined property: Wkcache\Wkdocument::$noindex in C:\XAMPP\home\test-empirehall.com.ua\www\system\library\wkcache\wkdocument.php on line 108
2021-06-16 14:14:06 - PHP Notice:  Undefined property: Wkcache\Wkdocument::$noindex in C:\XAMPP\home\test-empirehall.com.ua\www\system\library\wkcache\wkdocument.php on line 108
2021-06-16 14:14:10 - PHP Notice:  Undefined property: Wkcache\Wkdocument::$noindex in C:\XAMPP\home\test-empirehall.com.ua\www\system\library\wkcache\wkdocument.php on line 108
2021-06-16 14:14:11 - PHP Notice:  Undefined property: Wkcache\Wkdocument::$noindex in C:\XAMPP\home\test-empirehall.com.ua\www\system\library\wkcache\wkdocument.php on line 108
2021-06-16 14:32:24 - PHP Notice:  Undefined property: Wkcache\Wkdocument::$noindex in C:\XAMPP\home\test-empirehall.com.ua\www\system\library\wkcache\wkdocument.php on line 108
2021-06-16 14:32:25 - PHP Notice:  Undefined property: Wkcache\Wkdocument::$noindex in C:\XAMPP\home\test-empirehall.com.ua\www\system\library\wkcache\wkdocument.php on line 108
2021-06-16 14:32:25 - PHP Notice:  Undefined property: Wkcache\Wkdocument::$noindex in C:\XAMPP\home\test-empirehall.com.ua\www\system\library\wkcache\wkdocument.php on line 108
2021-06-16 14:32:25 - PHP Notice:  Undefined property: Wkcache\Wkdocument::$noindex in C:\XAMPP\home\test-empirehall.com.ua\www\system\library\wkcache\wkdocument.php on line 108
2021-06-16 14:32:28 - PHP Notice:  Undefined property: Wkcache\Wkdocument::$noindex in C:\XAMPP\home\test-empirehall.com.ua\www\system\library\wkcache\wkdocument.php on line 108
2021-06-16 14:34:07 - PHP Notice:  Undefined property: Wkcache\Wkdocument::$noindex in C:\XAMPP\home\test-empirehall.com.ua\www\system\library\wkcache\wkdocument.php on line 108
2021-06-16 14:34:08 - PHP Notice:  Undefined property: Wkcache\Wkdocument::$noindex in C:\XAMPP\home\test-empirehall.com.ua\www\system\library\wkcache\wkdocument.php on line 108
2021-06-16 14:34:08 - PHP Notice:  Undefined property: Wkcache\Wkdocument::$noindex in C:\XAMPP\home\test-empirehall.com.ua\www\system\library\wkcache\wkdocument.php on line 108
2021-06-16 14:34:08 - PHP Notice:  Undefined property: Wkcache\Wkdocument::$noindex in C:\XAMPP\home\test-empirehall.com.ua\www\system\library\wkcache\wkdocument.php on line 108
2021-06-16 14:34:12 - PHP Notice:  Undefined property: Wkcache\Wkdocument::$noindex in C:\XAMPP\home\test-empirehall.com.ua\www\system\library\wkcache\wkdocument.php on line 108
2021-06-16 14:35:00 - PHP Notice:  Undefined property: Wkcache\Wkdocument::$noindex in C:\XAMPP\home\test-empirehall.com.ua\www\system\library\wkcache\wkdocument.php on line 108
2021-06-16 14:35:01 - PHP Notice:  Undefined property: Wkcache\Wkdocument::$noindex in C:\XAMPP\home\test-empirehall.com.ua\www\system\library\wkcache\wkdocument.php on line 108
2021-06-16 14:35:01 - PHP Notice:  Undefined property: Wkcache\Wkdocument::$noindex in C:\XAMPP\home\test-empirehall.com.ua\www\system\library\wkcache\wkdocument.php on line 108
2021-06-16 14:35:02 - PHP Notice:  Undefined property: Wkcache\Wkdocument::$noindex in C:\XAMPP\home\test-empirehall.com.ua\www\system\library\wkcache\wkdocument.php on line 108
2021-06-16 14:35:05 - PHP Notice:  Undefined property: Wkcache\Wkdocument::$noindex in C:\XAMPP\home\test-empirehall.com.ua\www\system\library\wkcache\wkdocument.php on line 108
2021-06-16 14:35:05 - PHP Notice:  Undefined property: Wkcache\Wkdocument::$noindex in C:\XAMPP\home\test-empirehall.com.ua\www\system\library\wkcache\wkdocument.php on line 108
2021-06-16 14:43:35 - PHP Notice:  Undefined property: Wkcache\Wkdocument::$noindex in C:\XAMPP\home\test-empirehall.com.ua\www\system\library\wkcache\wkdocument.php on line 108
2021-06-16 14:43:36 - PHP Notice:  Undefined property: Wkcache\Wkdocument::$noindex in C:\XAMPP\home\test-empirehall.com.ua\www\system\library\wkcache\wkdocument.php on line 108
2021-06-16 14:43:36 - PHP Notice:  Undefined property: Wkcache\Wkdocument::$noindex in C:\XAMPP\home\test-empirehall.com.ua\www\system\library\wkcache\wkdocument.php on line 108
2021-06-16 14:43:36 - PHP Notice:  Undefined property: Wkcache\Wkdocument::$noindex in C:\XAMPP\home\test-empirehall.com.ua\www\system\library\wkcache\wkdocument.php on line 108
2021-06-16 14:43:39 - PHP Notice:  Undefined property: Wkcache\Wkdocument::$noindex in C:\XAMPP\home\test-empirehall.com.ua\www\system\library\wkcache\wkdocument.php on line 108
2021-06-16 14:43:40 - PHP Notice:  Undefined property: Wkcache\Wkdocument::$noindex in C:\XAMPP\home\test-empirehall.com.ua\www\system\library\wkcache\wkdocument.php on line 108
2021-06-16 14:43:42 - PHP Notice:  Undefined property: Wkcache\Wkdocument::$noindex in C:\XAMPP\home\test-empirehall.com.ua\www\system\library\wkcache\wkdocument.php on line 108
2021-06-16 14:43:43 - PHP Notice:  Undefined property: Wkcache\Wkdocument::$noindex in C:\XAMPP\home\test-empirehall.com.ua\www\system\library\wkcache\wkdocument.php on line 108
2021-06-16 14:43:43 - PHP Notice:  Undefined property: Wkcache\Wkdocument::$noindex in C:\XAMPP\home\test-empirehall.com.ua\www\system\library\wkcache\wkdocument.php on line 108
2021-06-16 14:43:44 - PHP Notice:  Undefined property: Wkcache\Wkdocument::$noindex in C:\XAMPP\home\test-empirehall.com.ua\www\system\library\wkcache\wkdocument.php on line 108
2021-06-16 14:44:28 - PHP Notice:  Undefined property: Wkcache\Wkdocument::$noindex in C:\XAMPP\home\test-empirehall.com.ua\www\system\library\wkcache\wkdocument.php on line 108
2021-06-16 14:44:29 - PHP Notice:  Undefined property: Wkcache\Wkdocument::$noindex in C:\XAMPP\home\test-empirehall.com.ua\www\system\library\wkcache\wkdocument.php on line 108
2021-06-16 14:44:32 - PHP Notice:  Undefined property: Wkcache\Wkdocument::$noindex in C:\XAMPP\home\test-empirehall.com.ua\www\system\library\wkcache\wkdocument.php on line 108
2021-06-16 14:46:41 - PHP Notice:  Undefined property: Wkcache\Wkdocument::$noindex in C:\XAMPP\home\test-empirehall.com.ua\www\system\library\wkcache\wkdocument.php on line 108
2021-06-16 14:46:42 - PHP Notice:  Undefined property: Wkcache\Wkdocument::$noindex in C:\XAMPP\home\test-empirehall.com.ua\www\system\library\wkcache\wkdocument.php on line 108
2021-06-16 14:46:44 - PHP Notice:  Undefined property: Wkcache\Wkdocument::$noindex in C:\XAMPP\home\test-empirehall.com.ua\www\system\library\wkcache\wkdocument.php on line 108
2021-06-16 14:46:46 - PHP Notice:  Undefined property: Wkcache\Wkdocument::$noindex in C:\XAMPP\home\test-empirehall.com.ua\www\system\library\wkcache\wkdocument.php on line 108
2021-06-16 14:46:49 - PHP Notice:  Undefined property: Wkcache\Wkdocument::$noindex in C:\XAMPP\home\test-empirehall.com.ua\www\system\library\wkcache\wkdocument.php on line 108
2021-06-16 14:46:49 - PHP Notice:  Undefined property: Wkcache\Wkdocument::$noindex in C:\XAMPP\home\test-empirehall.com.ua\www\system\library\wkcache\wkdocument.php on line 108
2021-06-16 14:47:24 - PHP Notice:  Undefined property: Wkcache\Wkdocument::$noindex in C:\XAMPP\home\test-empirehall.com.ua\www\system\library\wkcache\wkdocument.php on line 108
2021-06-16 14:47:25 - PHP Notice:  Undefined property: Wkcache\Wkdocument::$noindex in C:\XAMPP\home\test-empirehall.com.ua\www\system\library\wkcache\wkdocument.php on line 108
2021-06-16 14:47:26 - PHP Notice:  Undefined property: Wkcache\Wkdocument::$noindex in C:\XAMPP\home\test-empirehall.com.ua\www\system\library\wkcache\wkdocument.php on line 108
2021-06-16 14:47:30 - PHP Notice:  Undefined property: Wkcache\Wkdocument::$noindex in C:\XAMPP\home\test-empirehall.com.ua\www\system\library\wkcache\wkdocument.php on line 108
2021-06-16 14:47:31 - PHP Notice:  Undefined property: Wkcache\Wkdocument::$noindex in C:\XAMPP\home\test-empirehall.com.ua\www\system\library\wkcache\wkdocument.php on line 108
2021-06-16 14:47:32 - PHP Notice:  Undefined property: Wkcache\Wkdocument::$noindex in C:\XAMPP\home\test-empirehall.com.ua\www\system\library\wkcache\wkdocument.php on line 108
2021-06-16 14:47:34 - PHP Notice:  Undefined property: Wkcache\Wkdocument::$noindex in C:\XAMPP\home\test-empirehall.com.ua\www\system\library\wkcache\wkdocument.php on line 108
2021-06-16 14:47:46 - PHP Notice:  Undefined property: Wkcache\Wkdocument::$noindex in C:\XAMPP\home\test-empirehall.com.ua\www\system\library\wkcache\wkdocument.php on line 108
2021-06-16 14:47:47 - PHP Notice:  Undefined property: Wkcache\Wkdocument::$noindex in C:\XAMPP\home\test-empirehall.com.ua\www\system\library\wkcache\wkdocument.php on line 108
2021-06-16 14:47:50 - PHP Notice:  Undefined property: Wkcache\Wkdocument::$noindex in C:\XAMPP\home\test-empirehall.com.ua\www\system\library\wkcache\wkdocument.php on line 108
2021-06-16 14:47:58 - PHP Notice:  Undefined property: Wkcache\Wkdocument::$noindex in C:\XAMPP\home\test-empirehall.com.ua\www\system\library\wkcache\wkdocument.php on line 108
2021-06-16 14:47:59 - PHP Notice:  Undefined property: Wkcache\Wkdocument::$noindex in C:\XAMPP\home\test-empirehall.com.ua\www\system\library\wkcache\wkdocument.php on line 108
2021-06-16 14:48:00 - PHP Notice:  Undefined property: Wkcache\Wkdocument::$noindex in C:\XAMPP\home\test-empirehall.com.ua\www\system\library\wkcache\wkdocument.php on line 108
2021-06-16 14:48:48 - PHP Notice:  Undefined property: Wkcache\Wkdocument::$noindex in C:\XAMPP\home\test-empirehall.com.ua\www\system\library\wkcache\wkdocument.php on line 108
2021-06-16 14:48:49 - PHP Notice:  Undefined property: Wkcache\Wkdocument::$noindex in C:\XAMPP\home\test-empirehall.com.ua\www\system\library\wkcache\wkdocument.php on line 108
2021-06-16 14:49:38 - PHP Notice:  Undefined property: Wkcache\Wkdocument::$noindex in C:\XAMPP\home\test-empirehall.com.ua\www\system\library\wkcache\wkdocument.php on line 108
2021-06-16 14:54:15 - PHP Notice:  Undefined property: Wkcache\Wkdocument::$noindex in C:\XAMPP\home\test-empirehall.com.ua\www\system\library\wkcache\wkdocument.php on line 108
2021-06-16 14:54:17 - PHP Notice:  Undefined property: Wkcache\Wkdocument::$noindex in C:\XAMPP\home\test-empirehall.com.ua\www\system\library\wkcache\wkdocument.php on line 108
2021-06-16 14:54:21 - PHP Notice:  Undefined property: Wkcache\Wkdocument::$noindex in C:\XAMPP\home\test-empirehall.com.ua\www\system\library\wkcache\wkdocument.php on line 108
2021-06-16 14:54:22 - PHP Notice:  Undefined property: Wkcache\Wkdocument::$noindex in C:\XAMPP\home\test-empirehall.com.ua\www\system\library\wkcache\wkdocument.php on line 108
2021-06-16 14:54:22 - PHP Notice:  Undefined property: Wkcache\Wkdocument::$noindex in C:\XAMPP\home\test-empirehall.com.ua\www\system\library\wkcache\wkdocument.php on line 108
2021-06-16 14:54:23 - PHP Notice:  Undefined property: Wkcache\Wkdocument::$noindex in C:\XAMPP\home\test-empirehall.com.ua\www\system\library\wkcache\wkdocument.php on line 108
2021-06-16 14:54:24 - PHP Notice:  Undefined property: Wkcache\Wkdocument::$noindex in C:\XAMPP\home\test-empirehall.com.ua\www\system\library\wkcache\wkdocument.php on line 108
2021-06-16 14:54:24 - PHP Notice:  Undefined property: Wkcache\Wkdocument::$noindex in C:\XAMPP\home\test-empirehall.com.ua\www\system\library\wkcache\wkdocument.php on line 108
2021-06-16 14:54:25 - PHP Notice:  Undefined property: Wkcache\Wkdocument::$noindex in C:\XAMPP\home\test-empirehall.com.ua\www\system\library\wkcache\wkdocument.php on line 108
2021-06-16 14:54:26 - PHP Notice:  Undefined property: Wkcache\Wkdocument::$noindex in C:\XAMPP\home\test-empirehall.com.ua\www\system\library\wkcache\wkdocument.php on line 108
2021-06-16 14:54:26 - PHP Notice:  Undefined property: Wkcache\Wkdocument::$noindex in C:\XAMPP\home\test-empirehall.com.ua\www\system\library\wkcache\wkdocument.php on line 108
2021-06-16 14:54:27 - PHP Notice:  Undefined property: Wkcache\Wkdocument::$noindex in C:\XAMPP\home\test-empirehall.com.ua\www\system\library\wkcache\wkdocument.php on line 108
2021-06-16 14:54:28 - PHP Notice:  Undefined property: Wkcache\Wkdocument::$noindex in C:\XAMPP\home\test-empirehall.com.ua\www\system\library\wkcache\wkdocument.php on line 108
2021-06-16 14:54:28 - PHP Notice:  Undefined property: Wkcache\Wkdocument::$noindex in C:\XAMPP\home\test-empirehall.com.ua\www\system\library\wkcache\wkdocument.php on line 108
2021-06-16 14:54:29 - PHP Notice:  Undefined property: Wkcache\Wkdocument::$noindex in C:\XAMPP\home\test-empirehall.com.ua\www\system\library\wkcache\wkdocument.php on line 108
2021-06-16 14:55:15 - PHP Notice:  Undefined property: Wkcache\Wkdocument::$noindex in C:\XAMPP\home\test-empirehall.com.ua\www\system\library\wkcache\wkdocument.php on line 108
2021-06-16 14:55:16 - PHP Notice:  Undefined property: Wkcache\Wkdocument::$noindex in C:\XAMPP\home\test-empirehall.com.ua\www\system\library\wkcache\wkdocument.php on line 108
2021-06-16 14:55:19 - PHP Notice:  Undefined property: Wkcache\Wkdocument::$noindex in C:\XAMPP\home\test-empirehall.com.ua\www\system\library\wkcache\wkdocument.php on line 108
2021-06-16 15:00:47 - PHP Notice:  Undefined property: Wkcache\Wkdocument::$noindex in C:\XAMPP\home\test-empirehall.com.ua\www\system\library\wkcache\wkdocument.php on line 108
2021-06-16 15:00:48 - PHP Notice:  Undefined property: Wkcache\Wkdocument::$noindex in C:\XAMPP\home\test-empirehall.com.ua\www\system\library\wkcache\wkdocument.php on line 108
2021-06-16 15:00:48 - PHP Notice:  Undefined property: Wkcache\Wkdocument::$noindex in C:\XAMPP\home\test-empirehall.com.ua\www\system\library\wkcache\wkdocument.php on line 108
2021-06-16 15:00:52 - PHP Notice:  Undefined property: Wkcache\Wkdocument::$noindex in C:\XAMPP\home\test-empirehall.com.ua\www\system\library\wkcache\wkdocument.php on line 108
2021-06-16 15:00:52 - PHP Notice:  Undefined property: Wkcache\Wkdocument::$noindex in C:\XAMPP\home\test-empirehall.com.ua\www\system\library\wkcache\wkdocument.php on line 108
2021-06-16 15:00:53 - PHP Notice:  Undefined property: Wkcache\Wkdocument::$noindex in C:\XAMPP\home\test-empirehall.com.ua\www\system\library\wkcache\wkdocument.php on line 108
2021-06-16 15:00:53 - PHP Notice:  Undefined property: Wkcache\Wkdocument::$noindex in C:\XAMPP\home\test-empirehall.com.ua\www\system\library\wkcache\wkdocument.php on line 108
2021-06-16 15:01:06 - PHP Notice:  Undefined property: Wkcache\Wkdocument::$noindex in C:\XAMPP\home\test-empirehall.com.ua\www\system\library\wkcache\wkdocument.php on line 108
2021-06-16 15:01:18 - PHP Notice:  Undefined property: Wkcache\Wkdocument::$noindex in C:\XAMPP\home\test-empirehall.com.ua\www\system\library\wkcache\wkdocument.php on line 108
2021-06-16 15:01:19 - PHP Notice:  Undefined property: Wkcache\Wkdocument::$noindex in C:\XAMPP\home\test-empirehall.com.ua\www\system\library\wkcache\wkdocument.php on line 108
2021-06-16 15:01:19 - PHP Notice:  Undefined property: Wkcache\Wkdocument::$noindex in C:\XAMPP\home\test-empirehall.com.ua\www\system\library\wkcache\wkdocument.php on line 108
2021-06-16 15:01:22 - PHP Notice:  Undefined property: Wkcache\Wkdocument::$noindex in C:\XAMPP\home\test-empirehall.com.ua\www\system\library\wkcache\wkdocument.php on line 108
2021-06-16 15:01:23 - PHP Notice:  Undefined property: Wkcache\Wkdocument::$noindex in C:\XAMPP\home\test-empirehall.com.ua\www\system\library\wkcache\wkdocument.php on line 108
2021-06-16 15:01:29 - PHP Notice:  Undefined property: Wkcache\Wkdocument::$noindex in C:\XAMPP\home\test-empirehall.com.ua\www\system\library\wkcache\wkdocument.php on line 108
2021-06-16 15:02:23 - PHP Notice:  Undefined property: Wkcache\Wkdocument::$noindex in C:\XAMPP\home\test-empirehall.com.ua\www\system\library\wkcache\wkdocument.php on line 108
2021-06-16 15:02:24 - PHP Notice:  Undefined property: Wkcache\Wkdocument::$noindex in C:\XAMPP\home\test-empirehall.com.ua\www\system\library\wkcache\wkdocument.php on line 108
2021-06-16 15:03:03 - PHP Warning:  include(C:/XAMPP/home/test-empirehall.com.ua/www/admin//language/english/jetcache/jetcache.php): failed to open stream: No such file or directory in C:\XAMPP\home\test-empirehall.com.ua\www\admin\language\en-gb\extension\module\jetcache.php on line 2
2021-06-16 15:03:03 - PHP Warning:  include(): Failed opening 'C:/XAMPP/home/test-empirehall.com.ua/www/admin//language/english/jetcache/jetcache.php' for inclusion (include_path='C:\XAMPP\php\PEAR') in C:\XAMPP\home\test-empirehall.com.ua\www\admin\language\en-gb\extension\module\jetcache.php on line 2
2021-06-16 15:03:03 - PHP Warning:  include(C:/XAMPP/home/test-empirehall.com.ua/www/admin//language/russian/jetcache/jetcache.php): failed to open stream: No such file or directory in C:\XAMPP\home\test-empirehall.com.ua\www\admin\language\ru-ru\extension\module\jetcache.php on line 6
2021-06-16 15:03:03 - PHP Warning:  include(): Failed opening 'C:/XAMPP/home/test-empirehall.com.ua/www/admin//language/russian/jetcache/jetcache.php' for inclusion (include_path='C:\XAMPP\php\PEAR') in C:\XAMPP\home\test-empirehall.com.ua\www\admin\language\ru-ru\extension\module\jetcache.php on line 6
2021-06-16 15:03:04 - PHP Warning:  require_once(C:/XAMPP/home/test-empirehall.com.ua/www/admin//language/english/module/complete_seo.php): failed to open stream: No such file or directory in C:\XAMPP\home\test-empirehall.com.ua\www\admin\language\en-gb\extension\module\complete_seo.php on line 2
2021-06-16 15:04:17 - PHP Warning:  include(C:/XAMPP/home/test-empirehall.com.ua/www/admin//language/english/jetcache/jetcache.php): failed to open stream: No such file or directory in C:\XAMPP\home\test-empirehall.com.ua\www\admin\language\en-gb\extension\module\jetcache.php on line 6
2021-06-16 15:04:17 - PHP Warning:  include(): Failed opening 'C:/XAMPP/home/test-empirehall.com.ua/www/admin//language/english/jetcache/jetcache.php' for inclusion (include_path='C:\XAMPP\php\PEAR') in C:\XAMPP\home\test-empirehall.com.ua\www\admin\language\en-gb\extension\module\jetcache.php on line 6
2021-06-16 15:04:17 - PHP Warning:  include(C:/XAMPP/home/test-empirehall.com.ua/www/admin//language/russian/jetcache/jetcache.php): failed to open stream: No such file or directory in C:\XAMPP\home\test-empirehall.com.ua\www\admin\language\ru-ru\extension\module\jetcache.php on line 6
2021-06-16 15:04:17 - PHP Warning:  include(): Failed opening 'C:/XAMPP/home/test-empirehall.com.ua/www/admin//language/russian/jetcache/jetcache.php' for inclusion (include_path='C:\XAMPP\php\PEAR') in C:\XAMPP\home\test-empirehall.com.ua\www\admin\language\ru-ru\extension\module\jetcache.php on line 6
2021-06-16 15:04:27 - PHP Warning:  include(C:/XAMPP/home/test-empirehall.com.ua/www/admin//language/english/jetcache/jetcache.php): failed to open stream: No such file or directory in C:\XAMPP\home\test-empirehall.com.ua\www\admin\language\en-gb\extension\module\jetcache.php on line 6
2021-06-16 15:04:27 - PHP Warning:  include(): Failed opening 'C:/XAMPP/home/test-empirehall.com.ua/www/admin//language/english/jetcache/jetcache.php' for inclusion (include_path='C:\XAMPP\php\PEAR') in C:\XAMPP\home\test-empirehall.com.ua\www\admin\language\en-gb\extension\module\jetcache.php on line 6
2021-06-16 15:04:27 - PHP Warning:  include(C:/XAMPP/home/test-empirehall.com.ua/www/admin//language/russian/jetcache/jetcache.php): failed to open stream: No such file or directory in C:\XAMPP\home\test-empirehall.com.ua\www\admin\language\ru-ru\extension\module\jetcache.php on line 6
2021-06-16 15:04:27 - PHP Warning:  include(): Failed opening 'C:/XAMPP/home/test-empirehall.com.ua/www/admin//language/russian/jetcache/jetcache.php' for inclusion (include_path='C:\XAMPP\php\PEAR') in C:\XAMPP\home\test-empirehall.com.ua\www\admin\language\ru-ru\extension\module\jetcache.php on line 6
2021-06-16 15:05:24 - PHP Warning:  include(C:/XAMPP/home/test-empirehall.com.ua/www/admin//language/english/jetcache/jetcache.php): failed to open stream: No such file or directory in C:\XAMPP\home\test-empirehall.com.ua\www\admin\language\en-gb\extension\module\jetcache.php on line 6
2021-06-16 15:05:24 - PHP Warning:  include(): Failed opening 'C:/XAMPP/home/test-empirehall.com.ua/www/admin//language/english/jetcache/jetcache.php' for inclusion (include_path='C:\XAMPP\php\PEAR') in C:\XAMPP\home\test-empirehall.com.ua\www\admin\language\en-gb\extension\module\jetcache.php on line 6
2021-06-16 15:05:24 - PHP Warning:  include(C:/XAMPP/home/test-empirehall.com.ua/www/admin//language/russian/jetcache/jetcache.php): failed to open stream: No such file or directory in C:\XAMPP\home\test-empirehall.com.ua\www\admin\language\ru-ru\extension\module\jetcache.php on line 6
2021-06-16 15:05:24 - PHP Warning:  include(): Failed opening 'C:/XAMPP/home/test-empirehall.com.ua/www/admin//language/russian/jetcache/jetcache.php' for inclusion (include_path='C:\XAMPP\php\PEAR') in C:\XAMPP\home\test-empirehall.com.ua\www\admin\language\ru-ru\extension\module\jetcache.php on line 6
2021-06-16 15:07:11 - PHP Notice:  Undefined property: Wkcache\Wkdocument::$noindex in C:\XAMPP\home\test-empirehall.com.ua\www\system\library\wkcache\wkdocument.php on line 108
2021-06-16 15:07:13 - PHP Notice:  Undefined property: Wkcache\Wkdocument::$noindex in C:\XAMPP\home\test-empirehall.com.ua\www\system\library\wkcache\wkdocument.php on line 108
2021-06-16 15:08:43 - PHP Notice:  Undefined variable: data in C:\XAMPP\home\test-empirehall.com.ua\www\catalog\controller\extension\module\instagram.php on line 58
2021-06-16 15:08:43 - PHP Notice:  Undefined property: Wkcache\Wkdocument::$noindex in C:\XAMPP\home\test-empirehall.com.ua\www\system\library\wkcache\wkdocument.php on line 108
2021-06-16 15:08:44 - PHP Notice:  Undefined property: Wkcache\Wkdocument::$noindex in C:\XAMPP\home\test-empirehall.com.ua\www\system\library\wkcache\wkdocument.php on line 108
2021-06-16 15:15:22 - PHP Notice:  Undefined variable: data in C:\XAMPP\home\test-empirehall.com.ua\www\catalog\controller\extension\module\instagram.php on line 58
2021-06-16 15:15:22 - PHP Warning:  require_once(C:/XAMPP/home/test-empirehall.com.ua/www/compression/compress_timestamp.php): failed to open stream: No such file or directory in C:\XAMPP\home\test-empirehall.com.ua\www\system\storage\modification\catalog\controller\common\header.php on line 56
2021-06-16 15:16:09 - PHP Notice:  Undefined variable: data in C:\XAMPP\home\test-empirehall.com.ua\www\catalog\controller\extension\module\instagram.php on line 58
2021-06-16 15:16:09 - PHP Notice:  Undefined property: Wkcache\Wkdocument::$noindex in C:\XAMPP\home\test-empirehall.com.ua\www\system\library\wkcache\wkdocument.php on line 108
2021-06-16 15:16:11 - PHP Notice:  Undefined property: Wkcache\Wkdocument::$noindex in C:\XAMPP\home\test-empirehall.com.ua\www\system\library\wkcache\wkdocument.php on line 108
